[2021-01-18T10:26:17.533-0600][0.016s] Heap region size: 1M
[2021-01-18T10:26:17.679-0600][0.162s] Using G1
[2021-01-18T10:26:17.679-0600][0.162s] Heap address: 0x00000000e0000000, size: 512 MB, Compressed Oops mode: 32-bit
[2021-01-18T10:26:19.918-0600][2.401s] GC(0) Pause Young (Normal) (G1 Evacuation Pause)
[2021-01-18T10:26:19.919-0600][2.402s] GC(0) Using 12 workers of 13 for evacuation
[2021-01-18T10:26:19.923-0600][2.405s] GC(0)   Pre Evacuate Collection Set: 0.0ms
[2021-01-18T10:26:19.923-0600][2.405s] GC(0)   Evacuate Collection Set: 2.4ms
[2021-01-18T10:26:19.923-0600][2.405s] GC(0)   Post Evacuate Collection Set: 0.8ms
[2021-01-18T10:26:19.923-0600][2.406s] GC(0)   Other: 1.2ms
[2021-01-18T10:26:19.923-0600][2.406s] GC(0) Eden regions: 30->0(304)
[2021-01-18T10:26:19.923-0600][2.406s] GC(0) Survivor regions: 0->3(4)
[2021-01-18T10:26:19.923-0600][2.406s] GC(0) Old regions: 0->0
[2021-01-18T10:26:19.923-0600][2.406s] GC(0) Humongous regions: 0->0
[2021-01-18T10:26:19.923-0600][2.406s] GC(0) Metaspace: 13086K->13086K(1060864K)
[2021-01-18T10:26:19.923-0600][2.406s] GC(0) Pause Young (Normal) (G1 Evacuation Pause) 30M->2M(512M) 4.840ms
[2021-01-18T10:26:19.923-0600][2.406s] GC(0) User=0.19s Sys=0.00s Real=0.01s
[2021-01-18T10:26:20.650-0600][3.133s] GC(1) Pause Young (Concurrent Start) (Metadata GC Threshold)
[2021-01-18T10:26:20.650-0600][3.133s] GC(1) Using 12 workers of 13 for evacuation
[2021-01-18T10:26:20.663-0600][3.146s] GC(1)   Pre Evacuate Collection Set: 0.0ms
[2021-01-18T10:26:20.663-0600][3.146s] GC(1)   Evacuate Collection Set: 11.5ms
[2021-01-18T10:26:20.663-0600][3.146s] GC(1)   Post Evacuate Collection Set: 0.7ms
[2021-01-18T10:26:20.663-0600][3.146s] GC(1)   Other: 0.3ms
[2021-01-18T10:26:20.663-0600][3.146s] GC(1) Eden regions: 41->0(58)
[2021-01-18T10:26:20.663-0600][3.146s] GC(1) Survivor regions: 3->12(39)
[2021-01-18T10:26:20.663-0600][3.146s] GC(1) Old regions: 0->0
[2021-01-18T10:26:20.663-0600][3.146s] GC(1) Humongous regions: 4->4
[2021-01-18T10:26:20.663-0600][3.146s] GC(1) Metaspace: 20746K->20746K(1069056K)
[2021-01-18T10:26:20.663-0600][3.146s] GC(1) Pause Young (Concurrent Start) (Metadata GC Threshold) 47M->15M(512M) 12.850ms
[2021-01-18T10:26:20.663-0600][3.146s] GC(1) User=0.16s Sys=0.00s Real=0.01s
[2021-01-18T10:26:20.663-0600][3.146s] GC(2) Concurrent Cycle
[2021-01-18T10:26:20.663-0600][3.146s] GC(2) Concurrent Clear Claimed Marks
[2021-01-18T10:26:20.663-0600][3.146s] GC(2) Concurrent Clear Claimed Marks 0.039ms
[2021-01-18T10:26:20.663-0600][3.146s] GC(2) Concurrent Scan Root Regions
[2021-01-18T10:26:20.666-0600][3.149s] GC(2) Concurrent Scan Root Regions 3.359ms
[2021-01-18T10:26:20.666-0600][3.149s] GC(2) Concurrent Mark (3.149s)
[2021-01-18T10:26:20.666-0600][3.149s] GC(2) Concurrent Mark From Roots
[2021-01-18T10:26:20.666-0600][3.149s] GC(2) Using 3 workers of 3 for marking
[2021-01-18T10:26:20.667-0600][3.150s] GC(2) Concurrent Mark From Roots 0.870ms
[2021-01-18T10:26:20.667-0600][3.150s] GC(2) Concurrent Preclean
[2021-01-18T10:26:20.667-0600][3.150s] GC(2) Concurrent Preclean 0.081ms
[2021-01-18T10:26:20.667-0600][3.150s] GC(2) Concurrent Mark (3.149s, 3.150s) 1.019ms
[2021-01-18T10:26:20.667-0600][3.150s] GC(2) Pause Remark
[2021-01-18T10:26:20.669-0600][3.152s] GC(2) Cleaned string and symbol table, strings: 10179 processed, 0 removed, symbols: 67899 processed, 17 removed
[2021-01-18T10:26:20.669-0600][3.152s] GC(2) Pause Remark 16M->16M(512M) 2.054ms
[2021-01-18T10:26:20.670-0600][3.153s] GC(2) User=0.00s Sys=0.00s Real=0.00s
[2021-01-18T10:26:20.670-0600][3.153s] GC(2) Concurrent Rebuild Remembered Sets
[2021-01-18T10:26:20.671-0600][3.154s] GC(2) Concurrent Rebuild Remembered Sets 1.829ms
[2021-01-18T10:26:20.672-0600][3.155s] GC(2) Pause Cleanup
[2021-01-18T10:26:20.672-0600][3.155s] GC(2) Pause Cleanup 16M->16M(512M) 0.145ms
[2021-01-18T10:26:20.672-0600][3.155s] GC(2) User=0.00s Sys=0.00s Real=0.00s
[2021-01-18T10:26:20.672-0600][3.155s] GC(2) Concurrent Cleanup for Next Mark
[2021-01-18T10:26:20.672-0600][3.155s] GC(2) Concurrent Cleanup for Next Mark 0.681ms
[2021-01-18T10:26:20.673-0600][3.156s] GC(2) Concurrent Cycle 9.738ms
[2021-01-18T10:26:22.311-0600][4.794s] GC(3) Pause Young (Normal) (G1 Evacuation Pause)
[2021-01-18T10:26:22.311-0600][4.794s] GC(3) Using 13 workers of 13 for evacuation
[2021-01-18T10:26:22.320-0600][4.804s] GC(3)   Pre Evacuate Collection Set: 0.0ms
[2021-01-18T10:26:22.321-0600][4.804s] GC(3)   Evacuate Collection Set: 8.3ms
[2021-01-18T10:26:22.321-0600][4.804s] GC(3)   Post Evacuate Collection Set: 1.1ms
[2021-01-18T10:26:22.321-0600][4.804s] GC(3)   Other: 0.3ms
[2021-01-18T10:26:22.321-0600][4.804s] GC(3) Eden regions: 48->0(71)
[2021-01-18T10:26:22.321-0600][4.804s] GC(3) Survivor regions: 12->8(8)
[2021-01-18T10:26:22.321-0600][4.804s] GC(3) Old regions: 0->12
[2021-01-18T10:26:22.321-0600][4.804s] GC(3) Humongous regions: 4->4
[2021-01-18T10:26:22.321-0600][4.804s] GC(3) Metaspace: 27345K->27345K(1075200K)
[2021-01-18T10:26:22.321-0600][4.804s] GC(3) Pause Young (Normal) (G1 Evacuation Pause) 63M->23M(512M) 9.922ms
[2021-01-18T10:26:22.321-0600][4.804s] GC(3) User=0.16s Sys=0.00s Real=0.01s
[2021-01-18T10:26:23.188-0600][5.671s] GC(4) Pause Young (Concurrent Start) (Metadata GC Threshold)
[2021-01-18T10:26:23.188-0600][5.671s] GC(4) Using 13 workers of 13 for evacuation
[2021-01-18T10:26:23.191-0600][5.675s] GC(4)   Pre Evacuate Collection Set: 0.0ms
[2021-01-18T10:26:23.191-0600][5.675s] GC(4)   Evacuate Collection Set: 2.7ms
[2021-01-18T10:26:23.191-0600][5.675s] GC(4)   Post Evacuate Collection Set: 0.4ms
[2021-01-18T10:26:23.191-0600][5.675s] GC(4)   Other: 0.2ms
[2021-01-18T10:26:23.191-0600][5.675s] GC(4) Eden regions: 60->0(99)
[2021-01-18T10:26:23.191-0600][5.675s] GC(4) Survivor regions: 8->2(10)
[2021-01-18T10:26:23.191-0600][5.675s] GC(4) Old regions: 12->20
[2021-01-18T10:26:23.191-0600][5.675s] GC(4) Humongous regions: 4->4
[2021-01-18T10:26:23.191-0600][5.675s] GC(4) Metaspace: 35152K->35152K(1081344K)
[2021-01-18T10:26:23.191-0600][5.675s] GC(4) Pause Young (Concurrent Start) (Metadata GC Threshold) 83M->24M(512M) 3.528ms
[2021-01-18T10:26:23.191-0600][5.675s] GC(4) User=0.00s Sys=0.00s Real=0.00s
[2021-01-18T10:26:23.191-0600][5.675s] GC(5) Concurrent Cycle
[2021-01-18T10:26:23.191-0600][5.675s] GC(5) Concurrent Clear Claimed Marks
[2021-01-18T10:26:23.191-0600][5.675s] GC(5) Concurrent Clear Claimed Marks 0.047ms
[2021-01-18T10:26:23.191-0600][5.675s] GC(5) Concurrent Scan Root Regions
[2021-01-18T10:26:23.192-0600][5.676s] GC(5) Concurrent Scan Root Regions 0.887ms
[2021-01-18T10:26:23.192-0600][5.676s] GC(5) Concurrent Mark (5.676s)
[2021-01-18T10:26:23.192-0600][5.676s] GC(5) Concurrent Mark From Roots
[2021-01-18T10:26:23.192-0600][5.676s] GC(5) Using 3 workers of 3 for marking
[2021-01-18T10:26:23.210-0600][5.694s] GC(5) Concurrent Mark From Roots 18.090ms
[2021-01-18T10:26:23.210-0600][5.694s] GC(5) Concurrent Preclean
[2021-01-18T10:26:23.211-0600][5.694s] GC(5) Concurrent Preclean 0.167ms
[2021-01-18T10:26:23.211-0600][5.694s] GC(5) Concurrent Mark (5.676s, 5.694s) 18.344ms
[2021-01-18T10:26:23.211-0600][5.694s] GC(5) Pause Remark
[2021-01-18T10:26:23.213-0600][5.696s] GC(5) Cleaned string and symbol table, strings: 16579 processed, 22 removed, symbols: 114164 processed, 43 removed
[2021-01-18T10:26:23.213-0600][5.696s] GC(5) Pause Remark 25M->25M(512M) 1.948ms
[2021-01-18T10:26:23.213-0600][5.696s] GC(5) User=0.00s Sys=0.00s Real=0.00s
[2021-01-18T10:26:23.213-0600][5.696s] GC(5) Concurrent Rebuild Remembered Sets
[2021-01-18T10:26:23.218-0600][5.702s] GC(5) Concurrent Rebuild Remembered Sets 5.133ms
[2021-01-18T10:26:23.218-0600][5.702s] GC(5) Pause Cleanup
[2021-01-18T10:26:23.218-0600][5.702s] GC(5) Pause Cleanup 25M->25M(512M) 0.114ms
[2021-01-18T10:26:23.218-0600][5.702s] GC(5) User=0.00s Sys=0.00s Real=0.00s
[2021-01-18T10:26:23.218-0600][5.702s] GC(5) Concurrent Cleanup for Next Mark
[2021-01-18T10:26:23.219-0600][5.702s] GC(5) Concurrent Cleanup for Next Mark 0.443ms
[2021-01-18T10:26:23.219-0600][5.702s] GC(5) Concurrent Cycle 27.405ms
[2021-01-18T10:26:28.802-0600][11.284s] GC(6) Pause Young (Normal) (G1 Evacuation Pause)
[2021-01-18T10:26:28.802-0600][11.284s] GC(6) Using 13 workers of 13 for evacuation
[2021-01-18T10:26:28.805-0600][11.288s] GC(6)   Pre Evacuate Collection Set: 0.0ms
[2021-01-18T10:26:28.805-0600][11.288s] GC(6)   Evacuate Collection Set: 2.7ms
[2021-01-18T10:26:28.805-0600][11.288s] GC(6)   Post Evacuate Collection Set: 0.4ms
[2021-01-18T10:26:28.805-0600][11.288s] GC(6)   Other: 0.1ms
[2021-01-18T10:26:28.805-0600][11.288s] GC(6) Eden regions: 99->0(165)
[2021-01-18T10:26:28.805-0600][11.288s] GC(6) Survivor regions: 2->7(13)
[2021-01-18T10:26:28.805-0600][11.288s] GC(6) Old regions: 20->20
[2021-01-18T10:26:28.805-0600][11.288s] GC(6) Humongous regions: 4->4
[2021-01-18T10:26:28.805-0600][11.288s] GC(6) Metaspace: 42875K->42875K(1089536K)
[2021-01-18T10:26:28.805-0600][11.288s] GC(6) Pause Young (Normal) (G1 Evacuation Pause) 123M->29M(512M) 3.350ms
[2021-01-18T10:26:28.805-0600][11.288s] GC(6) User=0.00s Sys=0.00s Real=0.00s
[2021-01-18T10:26:30.172-0600][12.655s] GC(7) Pause Young (Normal) (G1 Evacuation Pause)
[2021-01-18T10:26:30.172-0600][12.655s] GC(7) Using 13 workers of 13 for evacuation
[2021-01-18T10:26:30.177-0600][12.660s] GC(7)   Pre Evacuate Collection Set: 0.0ms
[2021-01-18T10:26:30.177-0600][12.660s] GC(7)   Evacuate Collection Set: 3.9ms
[2021-01-18T10:26:30.177-0600][12.660s] GC(7)   Post Evacuate Collection Set: 0.7ms
[2021-01-18T10:26:30.177-0600][12.660s] GC(7)   Other: 0.3ms
[2021-01-18T10:26:30.177-0600][12.660s] GC(7) Eden regions: 165->0(295)
[2021-01-18T10:26:30.177-0600][12.660s] GC(7) Survivor regions: 7->12(22)
[2021-01-18T10:26:30.177-0600][12.660s] GC(7) Old regions: 20->20
[2021-01-18T10:26:30.177-0600][12.660s] GC(7) Humongous regions: 6->5
[2021-01-18T10:26:30.177-0600][12.660s] GC(7) Metaspace: 46884K->46884K(1091584K)
[2021-01-18T10:26:30.177-0600][12.660s] GC(7) Pause Young (Normal) (G1 Evacuation Pause) 196M->35M(512M) 5.124ms
[2021-01-18T10:26:30.177-0600][12.660s] GC(7) User=0.00s Sys=0.00s Real=0.01s
[2021-01-18T10:26:31.368-0600][13.851s] GC(8) Pause Young (Normal) (G1 Evacuation Pause)
[2021-01-18T10:26:31.368-0600][13.852s] GC(8) Using 13 workers of 13 for evacuation
[2021-01-18T10:26:31.375-0600][13.858s] GC(8)   Pre Evacuate Collection Set: 0.0ms
[2021-01-18T10:26:31.375-0600][13.858s] GC(8)   Evacuate Collection Set: 5.7ms
[2021-01-18T10:26:31.375-0600][13.858s] GC(8)   Post Evacuate Collection Set: 0.7ms
[2021-01-18T10:26:31.375-0600][13.858s] GC(8)   Other: 0.2ms
[2021-01-18T10:26:31.375-0600][13.858s] GC(8) Eden regions: 295->0(290)
[2021-01-18T10:26:31.375-0600][13.858s] GC(8) Survivor regions: 12->17(39)
[2021-01-18T10:26:31.375-0600][13.858s] GC(8) Old regions: 20->20
[2021-01-18T10:26:31.375-0600][13.858s] GC(8) Humongous regions: 5->5
[2021-01-18T10:26:31.375-0600][13.858s] GC(8) Metaspace: 52814K->52814K(1097728K)
[2021-01-18T10:26:31.375-0600][13.858s] GC(8) Pause Young (Normal) (G1 Evacuation Pause) 330M->40M(512M) 6.813ms
[2021-01-18T10:26:31.375-0600][13.858s] GC(8) User=0.14s Sys=0.00s Real=0.01s
[2021-01-18T10:26:36.710-0600][19.193s] GC(9) Pause Young (Concurrent Start) (Metadata GC Threshold)
[2021-01-18T10:26:36.710-0600][19.193s] GC(9) Using 13 workers of 13 for evacuation
[2021-01-18T10:26:36.717-0600][19.201s] GC(9)   Pre Evacuate Collection Set: 0.1ms
[2021-01-18T10:26:36.717-0600][19.201s] GC(9)   Evacuate Collection Set: 6.9ms
[2021-01-18T10:26:36.718-0600][19.201s] GC(9)   Post Evacuate Collection Set: 0.7ms
[2021-01-18T10:26:36.718-0600][19.201s] GC(9)   Other: 0.2ms
[2021-01-18T10:26:36.718-0600][19.201s] GC(9) Eden regions: 108->0(282)
[2021-01-18T10:26:36.718-0600][19.201s] GC(9) Survivor regions: 17->25(39)
[2021-01-18T10:26:36.718-0600][19.201s] GC(9) Old regions: 20->20
[2021-01-18T10:26:36.718-0600][19.201s] GC(9) Humongous regions: 5->5
[2021-01-18T10:26:36.718-0600][19.201s] GC(9) Metaspace: 59107K->59107K(1101824K)
[2021-01-18T10:26:36.718-0600][19.201s] GC(9) Pause Young (Concurrent Start) (Metadata GC Threshold) 147M->48M(512M) 7.963ms
[2021-01-18T10:26:36.718-0600][19.201s] GC(9) User=0.00s Sys=0.00s Real=0.01s
[2021-01-18T10:26:36.718-0600][19.201s] GC(10) Concurrent Cycle
[2021-01-18T10:26:36.718-0600][19.201s] GC(10) Concurrent Clear Claimed Marks
[2021-01-18T10:26:36.718-0600][19.201s] GC(10) Concurrent Clear Claimed Marks 0.110ms
[2021-01-18T10:26:36.718-0600][19.201s] GC(10) Concurrent Scan Root Regions
[2021-01-18T10:26:36.723-0600][19.206s] GC(10) Concurrent Scan Root Regions 4.793ms
[2021-01-18T10:26:36.723-0600][19.206s] GC(10) Concurrent Mark (19.206s)
[2021-01-18T10:26:36.723-0600][19.206s] GC(10) Concurrent Mark From Roots
[2021-01-18T10:26:36.723-0600][19.206s] GC(10) Using 3 workers of 3 for marking
[2021-01-18T10:26:36.733-0600][19.216s] GC(10) Concurrent Mark From Roots 10.256ms
[2021-01-18T10:26:36.733-0600][19.216s] GC(10) Concurrent Preclean
[2021-01-18T10:26:36.733-0600][19.216s] GC(10) Concurrent Preclean 0.146ms
[2021-01-18T10:26:36.733-0600][19.216s] GC(10) Concurrent Mark (19.206s, 19.216s) 10.472ms
[2021-01-18T10:26:36.733-0600][19.216s] GC(10) Pause Remark
[2021-01-18T10:26:36.737-0600][19.220s] GC(10) Cleaned string and symbol table, strings: 29288 processed, 4 removed, symbols: 182089 processed, 650 removed
[2021-01-18T10:26:36.737-0600][19.220s] GC(10) Pause Remark 50M->50M(512M) 3.441ms
[2021-01-18T10:26:36.737-0600][19.220s] GC(10) User=0.23s Sys=0.00s Real=0.00s
[2021-01-18T10:26:36.737-0600][19.220s] GC(10) Concurrent Rebuild Remembered Sets
[2021-01-18T10:26:36.741-0600][19.224s] GC(10) Concurrent Rebuild Remembered Sets 4.054ms
[2021-01-18T10:26:36.741-0600][19.224s] GC(10) Pause Cleanup
[2021-01-18T10:26:36.741-0600][19.224s] GC(10) Pause Cleanup 50M->50M(512M) 0.090ms
[2021-01-18T10:26:36.741-0600][19.224s] GC(10) User=0.00s Sys=0.00s Real=0.00s
[2021-01-18T10:26:36.741-0600][19.224s] GC(10) Concurrent Cleanup for Next Mark
[2021-01-18T10:26:36.742-0600][19.225s] GC(10) Concurrent Cleanup for Next Mark 0.451ms
[2021-01-18T10:26:36.742-0600][19.225s] GC(10) Concurrent Cycle 23.967ms
[2021-01-18T10:50:07.063-0600][1429.546s] GC(11) Pause Young (Normal) (G1 Evacuation Pause)
[2021-01-18T10:50:07.063-0600][1429.546s] GC(11) Using 13 workers of 13 for evacuation
[2021-01-18T10:50:07.073-0600][1429.556s] GC(11)   Pre Evacuate Collection Set: 0.0ms
[2021-01-18T10:50:07.073-0600][1429.556s] GC(11)   Evacuate Collection Set: 9.4ms
[2021-01-18T10:50:07.073-0600][1429.556s] GC(11)   Post Evacuate Collection Set: 1.0ms
[2021-01-18T10:50:07.073-0600][1429.557s] GC(11)   Other: 0.2ms
[2021-01-18T10:50:07.073-0600][1429.557s] GC(11) Eden regions: 282->0(282)
[2021-01-18T10:50:07.073-0600][1429.557s] GC(11) Survivor regions: 25->25(39)
[2021-01-18T10:50:07.073-0600][1429.557s] GC(11) Old regions: 20->25
[2021-01-18T10:50:07.073-0600][1429.557s] GC(11) Humongous regions: 16->16
[2021-01-18T10:50:07.073-0600][1429.557s] GC(11) Metaspace: 67863K->67863K(1110016K)
[2021-01-18T10:50:07.074-0600][1429.557s] GC(11) Pause Young (Normal) (G1 Evacuation Pause) 341M->65M(512M) 10.794ms
[2021-01-18T10:50:07.074-0600][1429.557s] GC(11) User=0.00s Sys=0.00s Real=0.01s
[2021-01-18T10:54:28.341-0600][1690.824s] GC(12) Pause Young (Normal) (G1 Evacuation Pause)
[2021-01-18T10:54:28.341-0600][1690.824s] GC(12) Using 13 workers of 13 for evacuation
[2021-01-18T10:54:28.348-0600][1690.831s] GC(12)   Pre Evacuate Collection Set: 0.0ms
[2021-01-18T10:54:28.348-0600][1690.831s] GC(12)   Evacuate Collection Set: 5.5ms
[2021-01-18T10:54:28.348-0600][1690.831s] GC(12)   Post Evacuate Collection Set: 0.9ms
[2021-01-18T10:54:28.348-0600][1690.831s] GC(12)   Other: 0.3ms
[2021-01-18T10:54:28.348-0600][1690.831s] GC(12) Eden regions: 282->0(290)
[2021-01-18T10:54:28.348-0600][1690.831s] GC(12) Survivor regions: 25->17(39)
[2021-01-18T10:54:28.348-0600][1690.831s] GC(12) Old regions: 25->30
[2021-01-18T10:54:28.348-0600][1690.831s] GC(12) Humongous regions: 16->16
[2021-01-18T10:54:28.348-0600][1690.831s] GC(12) Metaspace: 69286K->69286K(1112064K)
[2021-01-18T10:54:28.348-0600][1690.831s] GC(12) Pause Young (Normal) (G1 Evacuation Pause) 347M->63M(512M) 6.878ms
[2021-01-18T10:54:28.348-0600][1690.831s] GC(12) User=0.22s Sys=0.00s Real=0.01s
