2021-01-22 01:38:08.001 INFO  (main) [   ] o.e.j.u.log Logging initialized @3212ms to org.eclipse.jetty.util.log.Slf4jLog
2021-01-22 01:38:08.163 WARN  (main) [   ] o.e.j.x.XmlConfiguration Ignored arg: <Arg name="threadpool">
    <New id="threadpool" class="com.codahale.metrics.jetty9.InstrumentedQueuedThreadPool"><Arg name="registry">
        <Call id="solrJettyMetricRegistry" name="getOrCreate" class="com.codahale.metrics.SharedMetricRegistries"><Arg>solr.jetty</Arg></Call>
      </Arg></New>
  </Arg>
2021-01-22 01:38:08.401 INFO  (main) [   ] o.e.j.s.Server jetty-9.4.27.v20200227; built: 2020-02-27T18:37:21.340Z; git: a304fd9f351f337e7c0e2a7c28878dd536149c6c; jvm 11.0.7+8-LTS
2021-01-22 01:38:08.420 INFO  (main) [   ] o.e.j.d.p.ScanningAppProvider Deployment monitor [file:///D:/xampp/htdocs/BRI/FINAL/solr-8.7.0/server/contexts/] at interval 0
2021-01-22 01:38:09.306 INFO  (main) [   ] o.e.j.w.StandardDescriptorProcessor NO JSP Support for /solr, did not find org.apache.jasper.servlet.JspServlet
2021-01-22 01:38:09.333 INFO  (main) [   ] o.e.j.s.session DefaultSessionIdManager workerName=node0
2021-01-22 01:38:09.333 INFO  (main) [   ] o.e.j.s.session No SessionScavenger set, using defaults
2021-01-22 01:38:09.338 INFO  (main) [   ] o.e.j.s.session node0 Scavenging every 660000ms
2021-01-22 01:38:09.438 INFO  (main) [   ] o.a.s.s.SolrDispatchFilter Using logger factory org.apache.logging.slf4j.Log4jLoggerFactory
2021-01-22 01:38:09.450 INFO  (main) [   ] o.a.s.s.SolrDispatchFilter  ___      _       Welcome to Apache Solr™ version 8.7.0
2021-01-22 01:38:09.450 INFO  (main) [   ] o.a.s.s.SolrDispatchFilter / __| ___| |_ _   Starting in standalone mode on port 8983
2021-01-22 01:38:09.450 INFO  (main) [   ] o.a.s.s.SolrDispatchFilter \__ \/ _ \ | '_|  Install dir: D:\xampp\htdocs\BRI\FINAL\solr-8.7.0
2021-01-22 01:38:09.450 INFO  (main) [   ] o.a.s.s.SolrDispatchFilter |___/\___/_|_|    Start time: 2021-01-22T01:38:09.450895Z
2021-01-22 01:38:09.490 INFO  (main) [   ] o.a.s.c.SolrPaths Using system property solr.solr.home: D:\xampp\htdocs\BRI\FINAL\solr-8.7.0\server\solr
2021-01-22 01:38:09.501 INFO  (main) [   ] o.a.s.c.SolrXmlConfig Loading container configuration from D:\xampp\htdocs\BRI\FINAL\solr-8.7.0\server\solr\solr.xml
2021-01-22 01:38:09.674 INFO  (main) [   ] o.a.s.c.SolrXmlConfig MBean server found: com.sun.jmx.mbeanserver.JmxMBeanServer@6581dc0a, but no JMX reporters were configured - adding default JMX reporter.
2021-01-22 01:38:10.476 INFO  (main) [   ] o.a.s.h.c.HttpShardHandlerFactory Host whitelist initialized: WhitelistHostChecker [whitelistHosts=null, whitelistHostCheckingEnabled=true]
2021-01-22 01:38:10.718 WARN  (main) [   ] o.e.j.u.s.S.config Trusting all certificates configured for Client@6884f0d9[provider=null,keyStore=null,trustStore=null]
2021-01-22 01:38:10.718 WARN  (main) [   ] o.e.j.u.s.S.config No Client EndPointIdentificationAlgorithm configured for Client@6884f0d9[provider=null,keyStore=null,trustStore=null]
2021-01-22 01:38:10.881 WARN  (main) [   ] o.e.j.u.s.S.config Trusting all certificates configured for Client@6f911326[provider=null,keyStore=null,trustStore=null]
2021-01-22 01:38:10.881 WARN  (main) [   ] o.e.j.u.s.S.config No Client EndPointIdentificationAlgorithm configured for Client@6f911326[provider=null,keyStore=null,trustStore=null]
2021-01-22 01:38:11.017 WARN  (main) [   ] o.a.s.c.CoreContainer Not all security plugins configured!  authentication=disabled authorization=disabled.  Solr is only as secure as you make it. Consider configuring authentication/authorization before exposing Solr to users internal or external.  See https://s.apache.org/solrsecurity for more info
2021-01-22 01:38:15.698 INFO  (main) [   ] o.a.s.c.TransientSolrCoreCacheDefault Allocating transient cache for 2147483647 transient cores
2021-01-22 01:38:15.707 INFO  (main) [   ] o.a.s.h.a.MetricsHistoryHandler No .system collection, keeping metrics history in memory.
2021-01-22 01:38:15.787 INFO  (main) [   ] o.a.s.m.r.SolrJmxReporter JMX monitoring for 'solr.node' (registry 'solr.node') enabled at server: com.sun.jmx.mbeanserver.JmxMBeanServer@6581dc0a
2021-01-22 01:38:15.788 INFO  (main) [   ] o.a.s.m.r.SolrJmxReporter JMX monitoring for 'solr.jvm' (registry 'solr.jvm') enabled at server: com.sun.jmx.mbeanserver.JmxMBeanServer@6581dc0a
2021-01-22 01:38:15.791 INFO  (main) [   ] o.a.s.m.r.SolrJmxReporter JMX monitoring for 'solr.jetty' (registry 'solr.jetty') enabled at server: com.sun.jmx.mbeanserver.JmxMBeanServer@6581dc0a
2021-01-22 01:38:15.855 INFO  (main) [   ] o.a.s.c.CorePropertiesLocator Found 2 core definitions underneath D:\xampp\htdocs\BRI\FINAL\solr-8.7.0\server\solr
2021-01-22 01:38:15.856 INFO  (main) [   ] o.a.s.c.CorePropertiesLocator Cores are: [repository, start]
2021-01-22 01:38:15.912 INFO  (coreLoadExecutor-13-thread-1) [   x:repository] o.a.s.c.SolrConfig Using Lucene MatchVersion: 8.7.0
2021-01-22 01:38:15.918 INFO  (coreLoadExecutor-13-thread-2) [   x:start] o.a.s.c.SolrResourceLoader Added 49 libs to classloader, from paths: [/D:/xampp/htdocs/BRI/FINAL/solr-8.7.0/contrib/extraction/lib, /D:/xampp/htdocs/BRI/FINAL/solr-8.7.0/dist]
2021-01-22 01:38:16.110 INFO  (coreLoadExecutor-13-thread-1) [   x:repository] o.a.s.s.IndexSchema Schema name=default-config
2021-01-22 01:38:16.533 INFO  (main) [   ] o.e.j.s.h.ContextHandler Started o.e.j.w.WebAppContext@29539e36{/solr,file:///D:/xampp/htdocs/BRI/FINAL/solr-8.7.0/server/solr-webapp/webapp/,AVAILABLE}{D:\xampp\htdocs\BRI\FINAL\solr-8.7.0\server/solr-webapp/webapp}
2021-01-22 01:38:16.576 INFO  (main) [   ] o.e.j.s.AbstractConnector Started ServerConnector@53e211ee{HTTP/1.1, (http/1.1, h2c)}{0.0.0.0:8983}
2021-01-22 01:38:16.576 INFO  (main) [   ] o.e.j.s.Server Started @11790ms
2021-01-22 01:38:17.052 WARN  (coreLoadExecutor-13-thread-1) [   x:repository] o.a.s.s.AbstractSpatialPrefixTreeFieldType FieldType SpatialRecursivePrefixTreeFieldType does not allow omitNorms to be specified in schema, hardcoded behavior is omitNorms=true
2021-01-22 01:38:17.052 WARN  (coreLoadExecutor-13-thread-1) [   x:repository] o.a.s.s.AbstractSpatialPrefixTreeFieldType FieldType SpatialRecursivePrefixTreeFieldType does not allow omitTermFreqAndPositions to be specified in schema, hardcoded behavior is omitTermFreqAndPositions=true
2021-01-22 01:38:17.052 WARN  (coreLoadExecutor-13-thread-1) [   x:repository] o.a.s.s.AbstractSpatialPrefixTreeFieldType FieldType SpatialRecursivePrefixTreeFieldType does not allow termOffsets to be specified in schema, hardcoded behavior is termOffsets=false
2021-01-22 01:38:17.052 WARN  (coreLoadExecutor-13-thread-1) [   x:repository] o.a.s.s.AbstractSpatialPrefixTreeFieldType FieldType SpatialRecursivePrefixTreeFieldType does not allow termPositions to be specified in schema, hardcoded behavior is termPositions=false
2021-01-22 01:38:17.052 WARN  (coreLoadExecutor-13-thread-1) [   x:repository] o.a.s.s.AbstractSpatialPrefixTreeFieldType FieldType SpatialRecursivePrefixTreeFieldType does not allow omitPositions to be specified in schema, hardcoded behavior is omitPositions=true
2021-01-22 01:38:17.517 INFO  (coreLoadExecutor-13-thread-1) [   x:repository] o.a.s.s.IndexSchema Loaded schema default-config/1.6 with uniqueid field id
2021-01-22 01:38:17.557 INFO  (coreLoadExecutor-13-thread-1) [   x:repository] o.a.s.c.CoreContainer Creating SolrCore 'repository' using configuration from instancedir D:\xampp\htdocs\BRI\FINAL\solr-8.7.0\server\solr\repository, trusted=true
2021-01-22 01:38:17.597 INFO  (coreLoadExecutor-13-thread-1) [   x:repository] o.a.s.m.r.SolrJmxReporter JMX monitoring for 'solr.core.repository' (registry 'solr.core.repository') enabled at server: com.sun.jmx.mbeanserver.JmxMBeanServer@6581dc0a
2021-01-22 01:38:17.645 INFO  (coreLoadExecutor-13-thread-1) [   x:repository] o.a.s.c.SolrCore [[repository] ] Opening new SolrCore at [D:\xampp\htdocs\BRI\FINAL\solr-8.7.0\server\solr\repository], dataDir=[D:\xampp\htdocs\BRI\FINAL\solr-8.7.0\server\solr\repository\data\]
2021-01-22 01:38:17.995 INFO  (coreLoadExecutor-13-thread-2) [   x:start] o.a.s.c.SolrConfig Using Lucene MatchVersion: 8.7.0
2021-01-22 01:38:18.036 WARN  (coreLoadExecutor-13-thread-2) [   x:start] o.a.s.s.ManagedIndexSchemaFactory The schema has been upgraded to managed, but the non-managed schema schema.xml is still loadable.  PLEASE REMOVE THIS FILE.
2021-01-22 01:38:18.047 INFO  (coreLoadExecutor-13-thread-2) [   x:start] o.a.s.s.IndexSchema Schema name=default-config
2021-01-22 01:38:18.345 INFO  (coreLoadExecutor-13-thread-2) [   x:start] o.a.s.s.IndexSchema Loaded schema default-config/1.6 with uniqueid field id
2021-01-22 01:38:18.360 INFO  (qtp204322447-50) [   ] o.a.s.s.HttpSolrCall [admin] webapp=null path=/admin/info/system params={wt=json} status=0 QTime=75
2021-01-22 01:38:18.392 INFO  (coreLoadExecutor-13-thread-2) [   x:start] o.a.s.c.CoreContainer Creating SolrCore 'start' using configuration from instancedir D:\xampp\htdocs\BRI\FINAL\solr-8.7.0\server\solr\start, trusted=true
2021-01-22 01:38:18.393 INFO  (coreLoadExecutor-13-thread-2) [   x:start] o.a.s.m.r.SolrJmxReporter JMX monitoring for 'solr.core.start' (registry 'solr.core.start') enabled at server: com.sun.jmx.mbeanserver.JmxMBeanServer@6581dc0a
2021-01-22 01:38:18.393 INFO  (coreLoadExecutor-13-thread-2) [   x:start] o.a.s.c.SolrCore [[start] ] Opening new SolrCore at [D:\xampp\htdocs\BRI\FINAL\solr-8.7.0\server\solr\start], dataDir=[D:\xampp\htdocs\BRI\FINAL\solr-8.7.0\server\solr\start\data\]
2021-01-22 01:38:21.829 INFO  (qtp204322447-26) [   ] o.a.s.s.HttpSolrCall [admin] webapp=null path=/admin/cores params={indexInfo=false&wt=json&_=1611279501727} status=0 QTime=0
2021-01-22 01:38:21.884 INFO  (qtp204322447-50) [   ] o.a.s.s.HttpSolrCall [admin] webapp=null path=/admin/info/system params={wt=json&_=1611279501727} status=0 QTime=55
2021-01-22 01:38:21.936 INFO  (qtp204322447-28) [   ] o.a.s.s.HttpSolrCall [admin] webapp=null path=/admin/info/system params={wt=json&_=1611279501727} status=0 QTime=49
2021-01-22 01:38:22.901 INFO  (coreLoadExecutor-13-thread-1) [   x:repository] o.a.s.u.UpdateHandler Using UpdateLog implementation: org.apache.solr.update.UpdateLog
2021-01-22 01:38:22.901 INFO  (coreLoadExecutor-13-thread-1) [   x:repository] o.a.s.u.UpdateLog Initializing UpdateLog: dataDir= defaultSyncLevel=FLUSH numRecordsToKeep=100 maxNumLogsToKeep=10 numVersionBuckets=65536
2021-01-22 01:38:22.945 INFO  (coreLoadExecutor-13-thread-1) [   x:repository] o.a.s.u.CommitTracker Hard AutoCommit: if uncommitted for 15000ms; 
2021-01-22 01:38:22.945 INFO  (coreLoadExecutor-13-thread-1) [   x:repository] o.a.s.u.CommitTracker Soft AutoCommit: disabled
2021-01-22 01:38:22.964 INFO  (coreLoadExecutor-13-thread-2) [   x:start] o.a.s.u.UpdateHandler Using UpdateLog implementation: org.apache.solr.update.UpdateLog
2021-01-22 01:38:22.965 INFO  (coreLoadExecutor-13-thread-2) [   x:start] o.a.s.u.UpdateLog Initializing UpdateLog: dataDir= defaultSyncLevel=FLUSH numRecordsToKeep=100 maxNumLogsToKeep=10 numVersionBuckets=65536
2021-01-22 01:38:23.109 INFO  (coreLoadExecutor-13-thread-2) [   x:start] o.a.s.u.CommitTracker Hard AutoCommit: if uncommitted for 15000ms; 
2021-01-22 01:38:23.109 INFO  (coreLoadExecutor-13-thread-2) [   x:start] o.a.s.u.CommitTracker Soft AutoCommit: disabled
2021-01-22 01:38:23.453 INFO  (coreLoadExecutor-13-thread-1) [   x:repository] o.a.s.r.ManagedResourceStorage File-based storage initialized to use dir: D:\xampp\htdocs\BRI\FINAL\solr-8.7.0\server\solr\repository\conf
2021-01-22 01:38:23.497 INFO  (coreLoadExecutor-13-thread-1) [   x:repository] o.a.s.h.c.SpellCheckComponent Initializing spell checkers
2021-01-22 01:38:23.502 INFO  (coreLoadExecutor-13-thread-1) [   x:repository] o.a.s.s.DirectSolrSpellChecker init: {name=default,field=_text_,classname=solr.DirectSolrSpellChecker,distanceMeasure=internal,accuracy=0.5,maxEdits=2,minPrefix=1,maxInspections=5,minQueryLength=4,maxQueryFrequency=0.01}
2021-01-22 01:38:23.510 INFO  (coreLoadExecutor-13-thread-1) [   x:repository] o.a.s.h.ReplicationHandler Commits will be reserved for 10000 ms
2021-01-22 01:38:23.536 INFO  (searcherExecutor-15-thread-1-processing-x:repository) [   x:repository] o.a.s.c.QuerySenderListener QuerySenderListener done.
2021-01-22 01:38:23.536 INFO  (searcherExecutor-15-thread-1-processing-x:repository) [   x:repository] o.a.s.h.c.SpellCheckComponent Loading spell index for spellchecker: default
2021-01-22 01:38:23.541 INFO  (searcherExecutor-15-thread-1-processing-x:repository) [   x:repository] o.a.s.c.SolrCore [repository]  Registered new searcher autowarm time: 0 ms
2021-01-22 01:38:23.757 INFO  (coreLoadExecutor-13-thread-2) [   x:start] o.a.s.r.ManagedResourceStorage File-based storage initialized to use dir: D:\xampp\htdocs\BRI\FINAL\solr-8.7.0\server\solr\start\conf
2021-01-22 01:38:23.758 INFO  (coreLoadExecutor-13-thread-2) [   x:start] o.a.s.h.c.SpellCheckComponent Initializing spell checkers
2021-01-22 01:38:23.758 INFO  (coreLoadExecutor-13-thread-2) [   x:start] o.a.s.s.DirectSolrSpellChecker init: {name=default,field=_text_,classname=solr.DirectSolrSpellChecker,distanceMeasure=internal,accuracy=0.5,maxEdits=2,minPrefix=1,maxInspections=5,minQueryLength=4,maxQueryFrequency=0.01}
2021-01-22 01:38:23.758 INFO  (coreLoadExecutor-13-thread-2) [   x:start] o.a.s.h.c.SpellCheckComponent Initializing spell checkers
2021-01-22 01:38:23.758 INFO  (coreLoadExecutor-13-thread-2) [   x:start] o.a.s.s.DirectSolrSpellChecker init: {name=default,field=attr_text,classname=solr.DirectSolrSpellChecker,distanceMeasure=internal,accuracy=0.5,payloadField=address}
2021-01-22 01:38:23.764 INFO  (coreLoadExecutor-13-thread-2) [   x:start] o.a.s.h.ReplicationHandler Commits will be reserved for 10000 ms
2021-01-22 01:38:24.806 INFO  (searcherExecutor-18-thread-1-processing-x:start) [   x:start] o.a.s.c.QuerySenderListener QuerySenderListener done.
2021-01-22 01:38:24.806 INFO  (searcherExecutor-18-thread-1-processing-x:start) [   x:start] o.a.s.h.c.SpellCheckComponent Loading spell index for spellchecker: default
2021-01-22 01:38:24.806 INFO  (searcherExecutor-18-thread-1-processing-x:start) [   x:start] o.a.s.h.c.SpellCheckComponent Loading spell index for spellchecker: default
2021-01-22 01:38:24.806 INFO  (searcherExecutor-18-thread-1-processing-x:start) [   x:start] o.a.s.h.c.SpellCheckComponent Loading spell index for spellchecker: wordbreak
2021-01-22 01:38:24.810 INFO  (searcherExecutor-18-thread-1-processing-x:start) [   x:start] o.a.s.c.SolrCore [start]  Registered new searcher autowarm time: 0 ms
2021-01-22 01:38:52.431 INFO  (qtp204322447-28) [   ] o.a.s.s.HttpSolrCall [admin] webapp=null path=/admin/cores params={indexInfo=false&wt=json&_=1611279501727} status=0 QTime=0
2021-01-22 01:38:52.445 INFO  (qtp204322447-26) [   ] o.a.s.s.HttpSolrCall [admin] webapp=null path=/admin/cores params={wt=json&_=1611279501727} status=0 QTime=13
2021-01-22 01:38:52.487 INFO  (qtp204322447-52) [   ] o.a.s.s.HttpSolrCall [admin] webapp=null path=/admin/info/system params={wt=json&_=1611279501727} status=0 QTime=55
2021-01-22 01:38:52.505 INFO  (qtp204322447-30) [   ] o.a.s.s.HttpSolrCall [admin] webapp=null path=/admin/cores params={indexInfo=false&wt=json&_=1611279501727} status=0 QTime=0
2021-01-22 01:38:52.509 INFO  (qtp204322447-28) [   ] o.a.s.s.HttpSolrCall [admin] webapp=null path=/admin/cores params={wt=json&_=1611279501727} status=0 QTime=4
2021-01-22 01:38:52.557 INFO  (qtp204322447-54) [   ] o.a.s.s.HttpSolrCall [admin] webapp=null path=/admin/info/system params={wt=json&_=1611279501727} status=0 QTime=51
2021-01-22 01:38:53.769 INFO  (qtp204322447-54) [   ] o.a.s.s.HttpSolrCall [admin] webapp=null path=/admin/cores params={indexInfo=false&wt=json&_=1611279501727} status=0 QTime=0
2021-01-22 01:38:53.773 INFO  (qtp204322447-50) [   x:start] o.a.s.c.S.Request [start]  webapp=/solr path=/admin/luke params={numTerms=0&show=index&wt=json&_=1611279533763} status=0 QTime=2
2021-01-22 01:38:53.775 INFO  (qtp204322447-30) [   x:start] o.a.s.c.S.Request [start]  webapp=/solr path=/admin/ping params={action=status&wt=json&_=1611279501727&ts=1611279501727} status=503 QTime=1
2021-01-22 01:38:53.776 INFO  (qtp204322447-31) [   x:start] o.a.s.c.S.Request [start]  webapp=/solr path=/replication params={wt=json&command=details&_=1611279533763} status=0 QTime=4
2021-01-22 01:38:53.880 INFO  (qtp204322447-52) [   ] o.a.s.s.HttpSolrCall [admin] webapp=null path=/admin/info/system params={wt=json&_=1611279501727} status=0 QTime=110
2021-01-22 01:38:53.880 INFO  (qtp204322447-26) [   x:start] o.a.s.c.S.Request [start]  webapp=/solr path=/admin/system params={wt=json&_=1611279533763} status=0 QTime=107
2021-01-22 01:40:23.606 INFO  (qtp204322447-25) [   x:start] o.a.s.c.S.Request [start]  webapp=/solr path=/selectCheck params={q="merida"OR"yucaten"&df=attr_text&hl=true&hl.fl=attr_text&debug.explain.structured=true&debugQuery=on} hits=4 status=0 QTime=265
2021-01-22 01:40:42.988 INFO  (qtp204322447-30) [   x:start] o.a.s.c.S.Request [start]  webapp=/solr path=/selectCheck params={q=u**&df=attr_title&wt=json&wt=json} hits=4 status=0 QTime=24
2021-01-22 01:47:46.187 INFO  (qtp204322447-28) [   x:start] o.a.s.c.S.Request [start]  webapp=/solr path=/selectCheck params={q=u**&df=attr_title&wt=json&wt=json} hits=4 status=0 QTime=1
2021-01-22 01:49:25.394 INFO  (qtp204322447-52) [   x:start] o.a.s.c.S.Request [start]  webapp=/solr path=/selectCheck params={q=u**&df=attr_title&wt=json&wt=json} hits=4 status=0 QTime=0
2021-01-22 01:50:35.986 INFO  (qtp204322447-56) [   x:start] o.a.s.c.S.Request [start]  webapp=/solr path=/selectCheck params={q=u**&df=attr_title&wt=json&wt=json} hits=4 status=0 QTime=0
2021-01-22 01:51:27.882 INFO  (qtp204322447-25) [   x:start] o.a.s.c.S.Request [start]  webapp=/solr path=/selectCheck params={q=u**&df=attr_title&wt=json&wt=json} hits=4 status=0 QTime=0
2021-01-22 01:51:56.250 INFO  (qtp204322447-55) [   x:start] o.a.s.c.S.Request [start]  webapp=/solr path=/selectCheck params={q=u**&df=attr_title&wt=json&wt=json} hits=4 status=0 QTime=0
2021-01-22 01:52:25.794 INFO  (qtp204322447-53) [   x:start] o.a.s.c.S.Request [start]  webapp=/solr path=/selectCheck params={q=u**&df=attr_title&wt=json&wt=json} hits=4 status=0 QTime=0
2021-01-22 01:53:50.418 INFO  (qtp204322447-26) [   x:start] o.a.s.c.S.Request [start]  webapp=/solr path=/selectCheck params={q=s**&df=attr_title&wt=json&wt=json} hits=0 status=0 QTime=1
2021-01-22 01:53:52.444 INFO  (qtp204322447-30) [   x:start] o.a.s.c.S.Request [start]  webapp=/solr path=/selectCheck params={q=b**&df=attr_title&wt=json&wt=json} hits=1 status=0 QTime=1
2021-01-22 01:54:08.833 INFO  (qtp204322447-47) [   x:start] o.a.s.c.S.Request [start]  webapp=/solr path=/selectCheck params={q=d**&df=attr_title&wt=json&wt=json} hits=0 status=0 QTime=1
2021-01-22 01:54:10.450 INFO  (qtp204322447-52) [   x:start] o.a.s.c.S.Request [start]  webapp=/solr path=/selectCheck params={q=b**&df=attr_title&wt=json&wt=json} hits=1 status=0 QTime=0
2021-01-22 01:54:26.665 INFO  (qtp204322447-56) [   x:start] o.a.s.c.S.Request [start]  webapp=/solr path=/selectCheck params={q=v**&df=attr_title&wt=json&wt=json} hits=0 status=0 QTime=1
2021-01-22 01:54:27.721 INFO  (qtp204322447-25) [   x:start] o.a.s.c.S.Request [start]  webapp=/solr path=/selectCheck params={q=b**&df=attr_title&wt=json&wt=json} hits=1 status=0 QTime=0
2021-01-22 01:54:38.979 INFO  (qtp204322447-55) [   x:start] o.a.s.c.S.Request [start]  webapp=/solr path=/selectCheck params={q=b**&df=attr_title&wt=json&wt=json} hits=1 status=0 QTime=0
2021-01-22 01:54:43.457 INFO  (qtp204322447-53) [   x:start] o.a.s.c.S.Request [start]  webapp=/solr path=/selectCheck params={q=bs**&df=attr_title&wt=json&wt=json} hits=0 status=0 QTime=1
2021-01-22 01:54:44.800 INFO  (qtp204322447-26) [   x:start] o.a.s.c.S.Request [start]  webapp=/solr path=/selectCheck params={q=b**&df=attr_title&wt=json&wt=json} hits=1 status=0 QTime=0
2021-01-22 01:58:17.305 INFO  (qtp204322447-62) [   x:start] o.a.s.c.S.Request [start]  webapp=/solr path=/selectCheck params={q=u**&df=attr_title&wt=json&wt=json} hits=4 status=0 QTime=0
2021-01-22 01:58:40.521 INFO  (qtp204322447-47) [   x:start] o.a.s.c.S.Request [start]  webapp=/solr path=/selectCheck params={q=u**&df=attr_title&wt=json&wt=json} hits=4 status=0 QTime=0
2021-01-22 01:59:15.153 INFO  (qtp204322447-52) [   x:start] o.a.s.c.S.Request [start]  webapp=/solr path=/selectCheck params={q=u**&df=attr_title&wt=json&wt=json} hits=4 status=0 QTime=0
2021-01-22 02:00:06.281 INFO  (qtp204322447-56) [   x:start] o.a.s.c.S.Request [start]  webapp=/solr path=/selectCheck params={q=u**&df=attr_title&wt=json&wt=json} hits=4 status=0 QTime=0
2021-01-22 02:00:26.161 INFO  (qtp204322447-25) [   x:start] o.a.s.c.S.Request [start]  webapp=/solr path=/selectCheck params={q=u**&df=attr_title&wt=json&wt=json} hits=4 status=0 QTime=0
2021-01-22 02:01:41.993 INFO  (qtp204322447-55) [   x:start] o.a.s.c.S.Request [start]  webapp=/solr path=/selectCheck params={q=s**&df=attr_title&wt=json&wt=json} hits=0 status=0 QTime=0
2021-01-22 02:01:43.009 INFO  (qtp204322447-53) [   x:start] o.a.s.c.S.Request [start]  webapp=/solr path=/selectCheck params={q=u**&df=attr_title&wt=json&wt=json} hits=4 status=0 QTime=0
2021-01-22 02:02:29.344 INFO  (qtp204322447-26) [   x:start] o.a.s.c.S.Request [start]  webapp=/solr path=/selectCheck params={q=U**&df=attr_title&wt=json&wt=json} hits=4 status=0 QTime=0
2021-01-22 02:02:36.233 INFO  (qtp204322447-27) [   x:start] o.a.s.c.S.Request [start]  webapp=/solr path=/selectCheck params={q=u**&df=attr_title&wt=json&wt=json} hits=4 status=0 QTime=0
2021-01-22 02:03:09.722 INFO  (qtp204322447-30) [   x:start] o.a.s.c.S.Request [start]  webapp=/solr path=/selectCheck params={q=U**&df=attr_title&wt=json&wt=json} hits=4 status=0 QTime=0
2021-01-22 02:03:10.082 INFO  (qtp204322447-52) [   x:start] o.a.s.c.S.Request [start]  webapp=/solr path=/selectCheck params={q=Un**&df=attr_title&wt=json&wt=json} hits=4 status=0 QTime=1
2021-01-22 02:03:48.784 INFO  (qtp204322447-47) [   x:start] o.a.s.c.S.Request [start]  webapp=/solr path=/selectCheck params={q=U**&df=attr_title&wt=json&wt=json} hits=4 status=0 QTime=0
2021-01-22 02:04:22.921 INFO  (qtp204322447-56) [   x:start] o.a.s.c.S.Request [start]  webapp=/solr path=/selectCheck params={q=a**&df=attr_title&wt=json&wt=json} hits=1 status=0 QTime=1
2021-01-22 02:04:22.939 INFO  (qtp204322447-55) [   x:start] o.a.s.c.S.Request [start]  webapp=/solr path=/selectCheck params={q=as**&df=attr_title&wt=json&wt=json} hits=0 status=0 QTime=1
2021-01-22 02:04:49.888 INFO  (qtp204322447-53) [   x:start] o.a.s.c.S.Request [start]  webapp=/solr path=/selectCheck params={q=a**&df=attr_title&wt=json&wt=json} hits=1 status=0 QTime=0
2021-01-22 02:13:23.435 INFO  (qtp204322447-68) [   x:start] o.a.s.c.S.Request [start]  webapp=/solr path=/selectCheck params={q=&df=attr_text&spellcheck=on&wt=json} hits=0 status=0 QTime=0
2021-01-22 02:13:26.431 INFO  (qtp204322447-27) [   x:start] o.a.s.c.S.Request [start]  webapp=/solr path=/selectCheck params={q=&df=attr_text&spellcheck=on&wt=json} hits=0 status=0 QTime=0
2021-01-22 02:13:41.730 INFO  (qtp204322447-30) [   x:start] o.a.s.c.S.Request [start]  webapp=/solr path=/selectCheck params={q=&df=attr_text&spellcheck=on&wt=json} hits=0 status=0 QTime=0
2021-01-22 02:15:30.480 INFO  (qtp204322447-26) [   x:start] o.a.s.c.S.Request [start]  webapp=/solr path=/selectCheck params={q=u**&df=attr_title&wt=json&wt=json} hits=4 status=0 QTime=0
2021-01-22 02:16:44.487 INFO  (qtp204322447-47) [   x:start] o.a.s.c.S.Request [start]  webapp=/solr path=/selectCheck params={q=u**&df=attr_title&wt=json&wt=json} hits=4 status=0 QTime=0
2021-01-22 02:17:57.977 INFO  (qtp204322447-56) [   x:start] o.a.s.c.S.Request [start]  webapp=/solr path=/selectCheck params={q=U**&df=attr_title&wt=json&wt=json} hits=4 status=0 QTime=0
2021-01-22 02:19:28.919 INFO  (qtp204322447-55) [   x:start] o.a.s.c.S.Request [start]  webapp=/solr path=/selectCheck params={q=d**&df=attr_title&wt=json&wt=json} hits=0 status=0 QTime=0
2021-01-22 02:19:30.143 INFO  (qtp204322447-53) [   x:start] o.a.s.c.S.Request [start]  webapp=/solr path=/selectCheck params={q=8**&df=attr_title&wt=json&wt=json} hits=0 status=0 QTime=0
2021-01-22 02:19:30.568 ERROR (qtp204322447-25) [   x:start] o.a.s.h.RequestHandlerBase org.apache.solr.common.SolrException: org.apache.solr.search.SyntaxError: Cannot parse '}**': Lexical error at line 1, column 1.  Encountered: "}" (125), after : ""
	at org.apache.solr.handler.component.QueryComponent.prepare(QueryComponent.java:220)
	at org.apache.solr.handler.component.SearchHandler.handleRequestBody(SearchHandler.java:337)
	at org.apache.solr.handler.RequestHandlerBase.handleRequest(RequestHandlerBase.java:214)
	at org.apache.solr.core.SolrCore.execute(SolrCore.java:2627)
	at org.apache.solr.servlet.HttpSolrCall.execute(HttpSolrCall.java:795)
	at org.apache.solr.servlet.HttpSolrCall.call(HttpSolrCall.java:568)
	at org.apache.solr.servlet.SolrDispatchFilter.doFilter(SolrDispatchFilter.java:415)
	at org.apache.solr.servlet.SolrDispatchFilter.doFilter(SolrDispatchFilter.java:345)
	at org.eclipse.jetty.servlet.ServletHandler$CachedChain.doFilter(ServletHandler.java:1596)
	at org.eclipse.jetty.servlet.ServletHandler.doHandle(ServletHandler.java:545)
	at org.eclipse.jetty.server.handler.ScopedHandler.handle(ScopedHandler.java:143)
	at org.eclipse.jetty.security.SecurityHandler.handle(SecurityHandler.java:590)
	at org.eclipse.jetty.server.handler.HandlerWrapper.handle(HandlerWrapper.java:127)
	at org.eclipse.jetty.server.handler.ScopedHandler.nextHandle(ScopedHandler.java:235)
	at org.eclipse.jetty.server.session.SessionHandler.doHandle(SessionHandler.java:1610)
	at org.eclipse.jetty.server.handler.ScopedHandler.nextHandle(ScopedHandler.java:233)
	at org.eclipse.jetty.server.handler.ContextHandler.doHandle(ContextHandler.java:1300)
	at org.eclipse.jetty.server.handler.ScopedHandler.nextScope(ScopedHandler.java:188)
	at org.eclipse.jetty.servlet.ServletHandler.doScope(ServletHandler.java:485)
	at org.eclipse.jetty.server.session.SessionHandler.doScope(SessionHandler.java:1580)
	at org.eclipse.jetty.server.handler.ScopedHandler.nextScope(ScopedHandler.java:186)
	at org.eclipse.jetty.server.handler.ContextHandler.doScope(ContextHandler.java:1215)
	at org.eclipse.jetty.server.handler.ScopedHandler.handle(ScopedHandler.java:141)
	at org.eclipse.jetty.server.handler.ContextHandlerCollection.handle(ContextHandlerCollection.java:221)
	at org.eclipse.jetty.server.handler.InetAccessHandler.handle(InetAccessHandler.java:177)
	at org.eclipse.jetty.server.handler.HandlerCollection.handle(HandlerCollection.java:146)
	at org.eclipse.jetty.server.handler.HandlerWrapper.handle(HandlerWrapper.java:127)
	at org.eclipse.jetty.rewrite.handler.RewriteHandler.handle(RewriteHandler.java:322)
	at org.eclipse.jetty.server.handler.HandlerWrapper.handle(HandlerWrapper.java:127)
	at org.eclipse.jetty.server.Server.handle(Server.java:500)
	at org.eclipse.jetty.server.HttpChannel.lambda$handle$1(HttpChannel.java:383)
	at org.eclipse.jetty.server.HttpChannel.dispatch(HttpChannel.java:547)
	at org.eclipse.jetty.server.HttpChannel.handle(HttpChannel.java:375)
	at org.eclipse.jetty.server.HttpConnection.onFillable(HttpConnection.java:273)
	at org.eclipse.jetty.io.AbstractConnection$ReadCallback.succeeded(AbstractConnection.java:311)
	at org.eclipse.jetty.io.FillInterest.fillable(FillInterest.java:103)
	at org.eclipse.jetty.io.ChannelEndPoint$2.run(ChannelEndPoint.java:117)
	at org.eclipse.jetty.util.thread.strategy.EatWhatYouKill.runTask(EatWhatYouKill.java:336)
	at org.eclipse.jetty.util.thread.strategy.EatWhatYouKill.doProduce(EatWhatYouKill.java:313)
	at org.eclipse.jetty.util.thread.strategy.EatWhatYouKill.tryProduce(EatWhatYouKill.java:171)
	at org.eclipse.jetty.util.thread.strategy.EatWhatYouKill.run(EatWhatYouKill.java:129)
	at org.eclipse.jetty.util.thread.ReservedThreadExecutor$ReservedThread.run(ReservedThreadExecutor.java:375)
	at org.eclipse.jetty.util.thread.QueuedThreadPool.runJob(QueuedThreadPool.java:806)
	at org.eclipse.jetty.util.thread.QueuedThreadPool$Runner.run(QueuedThreadPool.java:938)
	at java.base/java.lang.Thread.run(Thread.java:834)
Caused by: org.apache.solr.search.SyntaxError: Cannot parse '}**': Lexical error at line 1, column 1.  Encountered: "}" (125), after : ""
	at org.apache.solr.parser.SolrQueryParserBase.parse(SolrQueryParserBase.java:274)
	at org.apache.solr.search.LuceneQParser.parse(LuceneQParser.java:49)
	at org.apache.solr.search.QParser.getQuery(QParser.java:174)
	at org.apache.solr.handler.component.QueryComponent.prepare(QueryComponent.java:162)
	... 44 more
Caused by: org.apache.solr.parser.TokenMgrError: Lexical error at line 1, column 1.  Encountered: "}" (125), after : ""
	at org.apache.solr.parser.QueryParserTokenManager.getNextToken(QueryParserTokenManager.java:1572)
	at org.apache.solr.parser.QueryParser.jj_scan_token(QueryParser.java:776)
	at org.apache.solr.parser.QueryParser.jj_3R_3(QueryParser.java:640)
	at org.apache.solr.parser.QueryParser.jj_3_1(QueryParser.java:631)
	at org.apache.solr.parser.QueryParser.jj_2_1(QueryParser.java:600)
	at org.apache.solr.parser.QueryParser.Query(QueryParser.java:141)
	at org.apache.solr.parser.QueryParser.TopLevelQuery(QueryParser.java:131)
	at org.apache.solr.parser.SolrQueryParserBase.parse(SolrQueryParserBase.java:270)
	... 47 more

2021-01-22 02:19:30.568 INFO  (qtp204322447-25) [   x:start] o.a.s.c.S.Request [start]  webapp=/solr path=/selectCheck params={q=}**&df=attr_title&wt=json&wt=json} status=400 QTime=2
2021-01-22 02:19:31.390 INFO  (qtp204322447-27) [   x:start] o.a.s.c.S.Request [start]  webapp=/solr path=/selectCheck params={q=u**&df=attr_title&wt=json&wt=json} hits=4 status=0 QTime=0
2021-01-22 02:20:01.087 INFO  (qtp204322447-27) [   ] o.a.s.s.HttpSolrCall [admin] webapp=null path=/admin/cores params={indexInfo=false&wt=json&_=1611279501727} status=0 QTime=0
2021-01-22 02:20:01.110 INFO  (qtp204322447-47) [   x:start] o.a.s.c.S.Request [start]  webapp=/solr path=/admin/luke params={show=schema&wt=json&_=1611279533763} status=0 QTime=22
2021-01-22 02:20:01.130 INFO  (qtp204322447-56) [   x:start] o.a.s.c.S.Request [start]  webapp=/solr path=/config params={wt=json&_=1611282001064} status=0 QTime=40
2021-01-22 02:20:01.180 INFO  (qtp204322447-26) [   ] o.a.s.s.HttpSolrCall [admin] webapp=null path=/admin/info/system params={wt=json&_=1611279501727} status=0 QTime=92
2021-01-22 02:20:01.207 INFO  (qtp204322447-27) [   x:start] o.a.s.c.S.Request [start]  webapp=/solr path=/admin/luke params={numTerms=0&wt=json&_=1611279533763} status=0 QTime=65
2021-01-22 02:20:01.538 INFO  (qtp204322447-27) [   ] o.a.s.s.HttpSolrCall [admin] webapp=null path=/admin/cores params={indexInfo=false&wt=json&_=1611279501727} status=0 QTime=0
2021-01-22 02:20:01.587 INFO  (qtp204322447-68) [   ] o.a.s.s.HttpSolrCall [admin] webapp=null path=/admin/info/system params={wt=json&_=1611279501727} status=0 QTime=48
2021-01-22 02:20:11.247 INFO  (qtp204322447-26) [   x:start] o.a.s.c.S.Request [start]  webapp=/solr path=/selectCheck params={q=*universidad*&df=attr_text&_=1611282001516} hits=4 status=0 QTime=15
2021-01-22 02:20:56.935 INFO  (qtp204322447-67) [   x:start] o.a.s.c.S.Request [start]  webapp=/solr path=/selectCheck params={q=u**&df=attr_title&wt=json&wt=json} hits=4 status=0 QTime=0
2021-01-22 02:21:40.158 INFO  (qtp204322447-25) [   x:start] o.a.s.c.S.Request [start]  webapp=/solr path=/selectCheck params={q=U**&df=attr_title&wt=json&wt=json} hits=4 status=0 QTime=0
